This is pdfTeX, Version 3.1415926-2.5-1.40.14 (MiKTeX 2.9) (preloaded format=pdflatex 2015.3.6)  22 FEB 2016 18:32
entering extended mode
**bareCards.tex
(C:\Users\kriley\Desktop\zArena\bareCards.tex
LaTeX2e <2011/06/27>
Babel <v3.8m> and hyphenation patterns for english, afrikaans, ancientgreek, ar
abic, armenian, assamese, basque, bengali, bokmal, bulgarian, catalan, coptic, 
croatian, czech, danish, dutch, esperanto, estonian, farsi, finnish, french, ga
lician, german, german-x-2013-05-26, greek, gujarati, hindi, hungarian, iceland
ic, indonesian, interlingua, irish, italian, kannada, kurmanji, latin, latvian,
 lithuanian, malayalam, marathi, mongolian, mongolianlmc, monogreek, ngerman, n
german-x-2013-05-26, nynorsk, oriya, panjabi, pinyin, polish, portuguese, roman
ian, russian, sanskrit, serbian, slovak, slovenian, spanish, swedish, swissgerm
an, tamil, telugu, turkish, turkmen, ukenglish, ukrainian, uppersorbian, usengl
ishmax, welsh, loaded.
("C:\Program Files (x86)\MiKTeX 2.9\tex\latex\base\article.cls"
Document Class: article 2007/10/19 v1.4h Standard LaTeX document class
("C:\Program Files (x86)\MiKTeX 2.9\tex\latex\base\size10.clo"
File: size10.clo 2007/10/19 v1.4h Standard LaTeX file (size option)
)
\c@part=\count79
\c@section=\count80
\c@subsection=\count81
\c@subsubsection=\count82
\c@paragraph=\count83
\c@subparagraph=\count84
\c@figure=\count85
\c@table=\count86
\abovecaptionskip=\skip41
\belowcaptionskip=\skip42
\bibindent=\dimen102
)
(C:\Users\kriley\Desktop\zArena\libs.tex
("C:\Program Files (x86)\MiKTeX 2.9\tex\latex\geometry\geometry.sty"
Package: geometry 2010/09/12 v5.6 Page Geometry

("C:\Program Files (x86)\MiKTeX 2.9\tex\latex\graphics\keyval.sty"
Package: keyval 1999/03/16 v1.13 key=value parser (DPC)
\KV@toks@=\toks14
)
("C:\Program Files (x86)\MiKTeX 2.9\tex\generic\oberdiek\ifpdf.sty"
Package: ifpdf 2011/01/30 v2.3 Provides the ifpdf switch (HO)
Package ifpdf Info: pdfTeX in PDF mode is detected.
)
("C:\Program Files (x86)\MiKTeX 2.9\tex\generic\oberdiek\ifvtex.sty"
Package: ifvtex 2010/03/01 v1.5 Detect VTeX and its facilities (HO)
Package ifvtex Info: VTeX not detected.
)
("C:\Program Files (x86)\MiKTeX 2.9\tex\generic\ifxetex\ifxetex.sty"
Package: ifxetex 2010/09/12 v0.6 Provides ifxetex conditional
)
\Gm@cnth=\count87
\Gm@cntv=\count88
\c@Gm@tempcnt=\count89
\Gm@bindingoffset=\dimen103
\Gm@wd@mp=\dimen104
\Gm@odd@mp=\dimen105
\Gm@even@mp=\dimen106
\Gm@layoutwidth=\dimen107
\Gm@layoutheight=\dimen108
\Gm@layouthoffset=\dimen109
\Gm@layoutvoffset=\dimen110
\Gm@dimlist=\toks15

("C:\Program Files (x86)\MiKTeX 2.9\tex\latex\geometry\geometry.cfg"))
("C:\Program Files (x86)\MiKTeX 2.9\tex\latex\hyphenat\hyphenat.sty"
Package: hyphenat 2009/09/02 v2.3c hyphenation utilities
\langwohyphens=\language69
LaTeX Info: Redefining \_ on input line 43.
)
("C:\Program Files (x86)\MiKTeX 2.9\tex\latex\antt\anttor.sty"
Package: anttor 2005/10/03 v.1.2 anttor (Antykwa Torunska) package (MW)
)
("C:\Program Files (x86)\MiKTeX 2.9\tex\latex\base\inputenc.sty"
Package: inputenc 2008/03/30 v1.1d Input encoding file
\inpenc@prehook=\toks16
\inpenc@posthook=\toks17

("C:\Program Files (x86)\MiKTeX 2.9\tex\latex\base\utf8.def"
File: utf8.def 2008/04/05 v1.1m UTF-8 support for inputenc
Now handling font encoding OML ...
... no UTF-8 mapping file for font encoding OML
Now handling font encoding T1 ...
... processing UTF-8 mapping file for font encoding T1

("C:\Program Files (x86)\MiKTeX 2.9\tex\latex\base\t1enc.dfu"
File: t1enc.dfu 2008/04/05 v1.1m UTF-8 support for inputenc
   defining Unicode char U+00A1 (decimal 161)
   defining Unicode char U+00A3 (decimal 163)
   defining Unicode char U+00AB (decimal 171)
   defining Unicode char U+00BB (decimal 187)
   defining Unicode char U+00BF (decimal 191)
   defining Unicode char U+00C0 (decimal 192)
   defining Unicode char U+00C1 (decimal 193)
   defining Unicode char U+00C2 (decimal 194)
   defining Unicode char U+00C3 (decimal 195)
   defining Unicode char U+00C4 (decimal 196)
   defining Unicode char U+00C5 (decimal 197)
   defining Unicode char U+00C6 (decimal 198)
   defining Unicode char U+00C7 (decimal 199)
   defining Unicode char U+00C8 (decimal 200)
   defining Unicode char U+00C9 (decimal 201)
   defining Unicode char U+00CA (decimal 202)
   defining Unicode char U+00CB (decimal 203)
   defining Unicode char U+00CC (decimal 204)
   defining Unicode char U+00CD (decimal 205)
   defining Unicode char U+00CE (decimal 206)
   defining Unicode char U+00CF (decimal 207)
   defining Unicode char U+00D0 (decimal 208)
   defining Unicode char U+00D1 (decimal 209)
   defining Unicode char U+00D2 (decimal 210)
   defining Unicode char U+00D3 (decimal 211)
   defining Unicode char U+00D4 (decimal 212)
   defining Unicode char U+00D5 (decimal 213)
   defining Unicode char U+00D6 (decimal 214)
   defining Unicode char U+00D8 (decimal 216)
   defining Unicode char U+00D9 (decimal 217)
   defining Unicode char U+00DA (decimal 218)
   defining Unicode char U+00DB (decimal 219)
   defining Unicode char U+00DC (decimal 220)
   defining Unicode char U+00DD (decimal 221)
   defining Unicode char U+00DE (decimal 222)
   defining Unicode char U+00DF (decimal 223)
   defining Unicode char U+00E0 (decimal 224)
   defining Unicode char U+00E1 (decimal 225)
   defining Unicode char U+00E2 (decimal 226)
   defining Unicode char U+00E3 (decimal 227)
   defining Unicode char U+00E4 (decimal 228)
   defining Unicode char U+00E5 (decimal 229)
   defining Unicode char U+00E6 (decimal 230)
   defining Unicode char U+00E7 (decimal 231)
   defining Unicode char U+00E8 (decimal 232)
   defining Unicode char U+00E9 (decimal 233)
   defining Unicode char U+00EA (decimal 234)
   defining Unicode char U+00EB (decimal 235)
   defining Unicode char U+00EC (decimal 236)
   defining Unicode char U+00ED (decimal 237)
   defining Unicode char U+00EE (decimal 238)
   defining Unicode char U+00EF (decimal 239)
   defining Unicode char U+00F0 (decimal 240)
   defining Unicode char U+00F1 (decimal 241)
   defining Unicode char U+00F2 (decimal 242)
   defining Unicode char U+00F3 (decimal 243)
   defining Unicode char U+00F4 (decimal 244)
   defining Unicode char U+00F5 (decimal 245)
   defining Unicode char U+00F6 (decimal 246)
   defining Unicode char U+00F8 (decimal 248)
   defining Unicode char U+00F9 (decimal 249)
   defining Unicode char U+00FA (decimal 250)
   defining Unicode char U+00FB (decimal 251)
   defining Unicode char U+00FC (decimal 252)
   defining Unicode char U+00FD (decimal 253)
   defining Unicode char U+00FE (decimal 254)
   defining Unicode char U+00FF (decimal 255)
   defining Unicode char U+0102 (decimal 258)
   defining Unicode char U+0103 (decimal 259)
   defining Unicode char U+0104 (decimal 260)
   defining Unicode char U+0105 (decimal 261)
   defining Unicode char U+0106 (decimal 262)
   defining Unicode char U+0107 (decimal 263)
   defining Unicode char U+010C (decimal 268)
   defining Unicode char U+010D (decimal 269)
   defining Unicode char U+010E (decimal 270)
   defining Unicode char U+010F (decimal 271)
   defining Unicode char U+0110 (decimal 272)
   defining Unicode char U+0111 (decimal 273)
   defining Unicode char U+0118 (decimal 280)
   defining Unicode char U+0119 (decimal 281)
   defining Unicode char U+011A (decimal 282)
   defining Unicode char U+011B (decimal 283)
   defining Unicode char U+011E (decimal 286)
   defining Unicode char U+011F (decimal 287)
   defining Unicode char U+0130 (decimal 304)
   defining Unicode char U+0131 (decimal 305)
   defining Unicode char U+0132 (decimal 306)
   defining Unicode char U+0133 (decimal 307)
   defining Unicode char U+0139 (decimal 313)
   defining Unicode char U+013A (decimal 314)
   defining Unicode char U+013D (decimal 317)
   defining Unicode char U+013E (decimal 318)
   defining Unicode char U+0141 (decimal 321)
   defining Unicode char U+0142 (decimal 322)
   defining Unicode char U+0143 (decimal 323)
   defining Unicode char U+0144 (decimal 324)
   defining Unicode char U+0147 (decimal 327)
   defining Unicode char U+0148 (decimal 328)
   defining Unicode char U+014A (decimal 330)
   defining Unicode char U+014B (decimal 331)
   defining Unicode char U+0150 (decimal 336)
   defining Unicode char U+0151 (decimal 337)
   defining Unicode char U+0152 (decimal 338)
   defining Unicode char U+0153 (decimal 339)
   defining Unicode char U+0154 (decimal 340)
   defining Unicode char U+0155 (decimal 341)
   defining Unicode char U+0158 (decimal 344)
   defining Unicode char U+0159 (decimal 345)
   defining Unicode char U+015A (decimal 346)
   defining Unicode char U+015B (decimal 347)
   defining Unicode char U+015E (decimal 350)
   defining Unicode char U+015F (decimal 351)
   defining Unicode char U+0160 (decimal 352)
   defining Unicode char U+0161 (decimal 353)
   defining Unicode char U+0162 (decimal 354)
   defining Unicode char U+0163 (decimal 355)
   defining Unicode char U+0164 (decimal 356)
   defining Unicode char U+0165 (decimal 357)
   defining Unicode char U+016E (decimal 366)
   defining Unicode char U+016F (decimal 367)
   defining Unicode char U+0170 (decimal 368)
   defining Unicode char U+0171 (decimal 369)
   defining Unicode char U+0178 (decimal 376)
   defining Unicode char U+0179 (decimal 377)
   defining Unicode char U+017A (decimal 378)
   defining Unicode char U+017B (decimal 379)
   defining Unicode char U+017C (decimal 380)
   defining Unicode char U+017D (decimal 381)
   defining Unicode char U+017E (decimal 382)
   defining Unicode char U+200C (decimal 8204)
   defining Unicode char U+2013 (decimal 8211)
   defining Unicode char U+2014 (decimal 8212)
   defining Unicode char U+2018 (decimal 8216)
   defining Unicode char U+2019 (decimal 8217)
   defining Unicode char U+201A (decimal 8218)
   defining Unicode char U+201C (decimal 8220)
   defining Unicode char U+201D (decimal 8221)
   defining Unicode char U+201E (decimal 8222)
   defining Unicode char U+2030 (decimal 8240)
   defining Unicode char U+2031 (decimal 8241)
   defining Unicode char U+2039 (decimal 8249)
   defining Unicode char U+203A (decimal 8250)
   defining Unicode char U+2423 (decimal 9251)
)
Now handling font encoding OT1 ...
... processing UTF-8 mapping file for font encoding OT1

("C:\Program Files (x86)\MiKTeX 2.9\tex\latex\base\ot1enc.dfu"
File: ot1enc.dfu 2008/04/05 v1.1m UTF-8 support for inputenc
   defining Unicode char U+00A1 (decimal 161)
   defining Unicode char U+00A3 (decimal 163)
   defining Unicode char U+00B8 (decimal 184)
   defining Unicode char U+00BF (decimal 191)
   defining Unicode char U+00C5 (decimal 197)
   defining Unicode char U+00C6 (decimal 198)
   defining Unicode char U+00D8 (decimal 216)
   defining Unicode char U+00DF (decimal 223)
   defining Unicode char U+00E6 (decimal 230)
   defining Unicode char U+00EC (decimal 236)
   defining Unicode char U+00ED (decimal 237)
   defining Unicode char U+00EE (decimal 238)
   defining Unicode char U+00EF (decimal 239)
   defining Unicode char U+00F8 (decimal 248)
   defining Unicode char U+0131 (decimal 305)
   defining Unicode char U+0141 (decimal 321)
   defining Unicode char U+0142 (decimal 322)
   defining Unicode char U+0152 (decimal 338)
   defining Unicode char U+0153 (decimal 339)
   defining Unicode char U+2013 (decimal 8211)
   defining Unicode char U+2014 (decimal 8212)
   defining Unicode char U+2018 (decimal 8216)
   defining Unicode char U+2019 (decimal 8217)
   defining Unicode char U+201C (decimal 8220)
   defining Unicode char U+201D (decimal 8221)
)
Now handling font encoding OMS ...
... processing UTF-8 mapping file for font encoding OMS

("C:\Program Files (x86)\MiKTeX 2.9\tex\latex\base\omsenc.dfu"
File: omsenc.dfu 2008/04/05 v1.1m UTF-8 support for inputenc
   defining Unicode char U+00A7 (decimal 167)
   defining Unicode char U+00B6 (decimal 182)
   defining Unicode char U+00B7 (decimal 183)
   defining Unicode char U+2020 (decimal 8224)
   defining Unicode char U+2021 (decimal 8225)
   defining Unicode char U+2022 (decimal 8226)
)
Now handling font encoding OMX ...
... no UTF-8 mapping file for font encoding OMX
Now handling font encoding U ...
... no UTF-8 mapping file for font encoding U
   defining Unicode char U+00A9 (decimal 169)
   defining Unicode char U+00AA (decimal 170)
   defining Unicode char U+00AE (decimal 174)
   defining Unicode char U+00BA (decimal 186)
   defining Unicode char U+02C6 (decimal 710)
   defining Unicode char U+02DC (decimal 732)
   defining Unicode char U+200C (decimal 8204)
   defining Unicode char U+2026 (decimal 8230)
   defining Unicode char U+2122 (decimal 8482)
   defining Unicode char U+2423 (decimal 9251)
))
("C:\Program Files (x86)\MiKTeX 2.9\tex\generic\babel\babel.sty"
Package: babel 2008/07/08 v3.8m The Babel package

*************************************
* Local config file bblopts.cfg used
*
("C:\Program Files (x86)\MiKTeX 2.9\tex\latex\00miktex\bblopts.cfg"
File: bblopts.cfg 2006/07/31 v1.0 MiKTeX 'babel' configuration
)
("C:\Program Files (x86)\MiKTeX 2.9\tex\generic\babel\germanb.ldf"
Language: germanb 2008/06/01 v2.6m German support from the babel system

("C:\Program Files (x86)\MiKTeX 2.9\tex\generic\babel\babel.def"
File: babel.def 2008/07/08 v3.8m Babel common definitions
\babel@savecnt=\count90
\U@D=\dimen111
)
\l@austrian = a dialect from \language\l@german 
Package babel Info: Making " an active character on input line 102.
))
("C:\Program Files (x86)\MiKTeX 2.9\tex\latex\microtype\microtype.sty"
Package: microtype 2013/05/23 v2.5a Micro-typographical refinements (RS)
\MT@toks=\toks18
\MT@count=\count91
LaTeX Info: Redefining \textls on input line 766.
\MT@outer@kern=\dimen112
LaTeX Info: Redefining \textmicrotypecontext on input line 1285.
\MT@listname@count=\count92

("C:\Program Files (x86)\MiKTeX 2.9\tex\latex\microtype\microtype-pdftex.def"
File: microtype-pdftex.def 2013/05/23 v2.5a Definitions specific to pdftex (RS)

LaTeX Info: Redefining \lsstyle on input line 915.
LaTeX Info: Redefining \lslig on input line 915.
\MT@outer@space=\skip43
)
Package microtype Info: Loading configuration file microtype.cfg.

("C:\Program Files (x86)\MiKTeX 2.9\tex\latex\microtype\microtype.cfg"
File: microtype.cfg 2013/05/23 v2.5a microtype main configuration file (RS)
))
("C:\Program Files (x86)\MiKTeX 2.9\tex\latex\graphics\color.sty"
Package: color 2005/11/14 v1.0j Standard LaTeX Color (DPC)

("C:\Program Files (x86)\MiKTeX 2.9\tex\latex\00miktex\color.cfg"
File: color.cfg 2007/01/18 v1.5 color configuration of teTeX/TeXLive
)
Package color Info: Driver file: pdftex.def on input line 130.

("C:\Program Files (x86)\MiKTeX 2.9\tex\latex\pdftex-def\pdftex.def"
File: pdftex.def 2011/05/27 v0.06d Graphics/color for pdfTeX

("C:\Program Files (x86)\MiKTeX 2.9\tex\generic\oberdiek\infwarerr.sty"
Package: infwarerr 2010/04/08 v1.3 Providing info/warning/error messages (HO)
)
("C:\Program Files (x86)\MiKTeX 2.9\tex\generic\oberdiek\ltxcmds.sty"
Package: ltxcmds 2011/11/09 v1.22 LaTeX kernel commands for general use (HO)
)
\Gread@gobject=\count93
))
("C:\Program Files (x86)\MiKTeX 2.9\tex\latex\pgf\frontendlayer\tikz.sty"
("C:\Program Files (x86)\MiKTeX 2.9\tex\latex\pgf\basiclayer\pgf.sty"
("C:\Program Files (x86)\MiKTeX 2.9\tex\latex\pgf\utilities\pgfrcs.sty"
("C:\Program Files (x86)\MiKTeX 2.9\tex\generic\pgf\utilities\pgfutil-common.te
x"
\pgfutil@everybye=\toks19
\pgfutil@tempdima=\dimen113
\pgfutil@tempdimb=\dimen114

("C:\Program Files (x86)\MiKTeX 2.9\tex\generic\pgf\utilities\pgfutil-common-li
sts.tex"))
("C:\Program Files (x86)\MiKTeX 2.9\tex\generic\pgf\utilities\pgfutil-latex.def
"
\pgfutil@abb=\box26
 ("C:\Program Files (x86)\MiKTeX 2.9\tex\latex\ms\everyshi.sty"
Package: everyshi 2001/05/15 v3.00 EveryShipout Package (MS)
))
("C:\Program Files (x86)\MiKTeX 2.9\tex\generic\pgf\utilities\pgfrcs.code.tex"
Package: pgfrcs 2013/12/20 v3.0.0 (rcs-revision 1.28)
))
Package: pgf 2013/12/18 v3.0.0 (rcs-revision 1.14)
 ("C:\Program Files (x86)\MiKTeX 2.9\tex\latex\pgf\basiclayer\pgfcore.sty"
("C:\Program Files (x86)\MiKTeX 2.9\tex\latex\graphics\graphicx.sty"
Package: graphicx 1999/02/16 v1.0f Enhanced LaTeX Graphics (DPC,SPQR)

("C:\Program Files (x86)\MiKTeX 2.9\tex\latex\graphics\graphics.sty"
Package: graphics 2009/02/05 v1.0o Standard LaTeX Graphics (DPC,SPQR)

("C:\Program Files (x86)\MiKTeX 2.9\tex\latex\graphics\trig.sty"
Package: trig 1999/03/16 v1.09 sin cos tan (DPC)
)
("C:\Program Files (x86)\MiKTeX 2.9\tex\latex\00miktex\graphics.cfg"
File: graphics.cfg 2007/01/18 v1.5 graphics configuration of teTeX/TeXLive
)
Package graphics Info: Driver file: pdftex.def on input line 91.
)
\Gin@req@height=\dimen115
\Gin@req@width=\dimen116
)
("C:\Program Files (x86)\MiKTeX 2.9\tex\latex\pgf\systemlayer\pgfsys.sty"
("C:\Program Files (x86)\MiKTeX 2.9\tex\generic\pgf\systemlayer\pgfsys.code.tex
"
Package: pgfsys 2013/11/30 v3.0.0 (rcs-revision 1.47)
 ("C:\Program Files (x86)\MiKTeX 2.9\tex\generic\pgf\utilities\pgfkeys.code.tex
"
\pgfkeys@pathtoks=\toks20
\pgfkeys@temptoks=\toks21

("C:\Program Files (x86)\MiKTeX 2.9\tex\generic\pgf\utilities\pgfkeysfiltered.c
ode.tex"
\pgfkeys@tmptoks=\toks22
))
\pgf@x=\dimen117
\pgf@y=\dimen118
\pgf@xa=\dimen119
\pgf@ya=\dimen120
\pgf@xb=\dimen121
\pgf@yb=\dimen122
\pgf@xc=\dimen123
\pgf@yc=\dimen124
\w@pgf@writea=\write3
\r@pgf@reada=\read1
\c@pgf@counta=\count94
\c@pgf@countb=\count95
\c@pgf@countc=\count96
\c@pgf@countd=\count97
\t@pgf@toka=\toks23
\t@pgf@tokb=\toks24
\t@pgf@tokc=\toks25

("C:\Program Files (x86)\MiKTeX 2.9\tex\generic\pgf\systemlayer\pgf.cfg"
File: pgf.cfg 2008/05/14  (rcs-revision 1.7)
)
Driver file for pgf: pgfsys-pdftex.def

("C:\Program Files (x86)\MiKTeX 2.9\tex\generic\pgf\systemlayer\pgfsys-pdftex.d
ef"
File: pgfsys-pdftex.def 2013/07/18  (rcs-revision 1.33)

("C:\Program Files (x86)\MiKTeX 2.9\tex\generic\pgf\systemlayer\pgfsys-common-p
df.def"
File: pgfsys-common-pdf.def 2013/10/10  (rcs-revision 1.13)
)))
("C:\Program Files (x86)\MiKTeX 2.9\tex\generic\pgf\systemlayer\pgfsyssoftpath.
code.tex"
File: pgfsyssoftpath.code.tex 2013/09/09  (rcs-revision 1.9)
\pgfsyssoftpath@smallbuffer@items=\count98
\pgfsyssoftpath@bigbuffer@items=\count99
)
("C:\Program Files (x86)\MiKTeX 2.9\tex\generic\pgf\systemlayer\pgfsysprotocol.
code.tex"
File: pgfsysprotocol.code.tex 2006/10/16  (rcs-revision 1.4)
)) ("C:\Program Files (x86)\MiKTeX 2.9\tex\latex\xcolor\xcolor.sty"
Package: xcolor 2007/01/21 v2.11 LaTeX color extensions (UK)

("C:\Program Files (x86)\MiKTeX 2.9\tex\latex\00miktex\color.cfg"
File: color.cfg 2007/01/18 v1.5 color configuration of teTeX/TeXLive
)
Package xcolor Info: Driver file: pdftex.def on input line 225.
LaTeX Info: Redefining \color on input line 702.
Package xcolor Info: Model `cmy' substituted by `cmy0' on input line 1337.
Package xcolor Info: Model `hsb' substituted by `rgb' on input line 1341.
Package xcolor Info: Model `RGB' extended on input line 1353.
Package xcolor Info: Model `HTML' substituted by `rgb' on input line 1355.
Package xcolor Info: Model `Hsb' substituted by `hsb' on input line 1356.
Package xcolor Info: Model `tHsb' substituted by `hsb' on input line 1357.
Package xcolor Info: Model `HSB' substituted by `hsb' on input line 1358.
Package xcolor Info: Model `Gray' substituted by `gray' on input line 1359.
Package xcolor Info: Model `wave' substituted by `hsb' on input line 1360.
)
("C:\Program Files (x86)\MiKTeX 2.9\tex\generic\pgf\basiclayer\pgfcore.code.tex
"
Package: pgfcore 2010/04/11 v3.0.0 (rcs-revision 1.7)
 ("C:\Program Files (x86)\MiKTeX 2.9\tex\generic\pgf\math\pgfmath.code.tex"
("C:\Program Files (x86)\MiKTeX 2.9\tex\generic\pgf\math\pgfmathcalc.code.tex"
("C:\Program Files (x86)\MiKTeX 2.9\tex\generic\pgf\math\pgfmathutil.code.tex")
("C:\Program Files (x86)\MiKTeX 2.9\tex\generic\pgf\math\pgfmathparser.code.tex
"
\pgfmath@dimen=\dimen125
\pgfmath@count=\count100
\pgfmath@box=\box27
\pgfmath@toks=\toks26
\pgfmath@stack@operand=\toks27
\pgfmath@stack@operation=\toks28
)
("C:\Program Files (x86)\MiKTeX 2.9\tex\generic\pgf\math\pgfmathfunctions.code.
tex"
("C:\Program Files (x86)\MiKTeX 2.9\tex\generic\pgf\math\pgfmathfunctions.basic
.code.tex")
("C:\Program Files (x86)\MiKTeX 2.9\tex\generic\pgf\math\pgfmathfunctions.trigo
nometric.code.tex")
("C:\Program Files (x86)\MiKTeX 2.9\tex\generic\pgf\math\pgfmathfunctions.rando
m.code.tex")
("C:\Program Files (x86)\MiKTeX 2.9\tex\generic\pgf\math\pgfmathfunctions.compa
rison.code.tex")
("C:\Program Files (x86)\MiKTeX 2.9\tex\generic\pgf\math\pgfmathfunctions.base.
code.tex")
("C:\Program Files (x86)\MiKTeX 2.9\tex\generic\pgf\math\pgfmathfunctions.round
.code.tex")
("C:\Program Files (x86)\MiKTeX 2.9\tex\generic\pgf\math\pgfmathfunctions.misc.
code.tex")
("C:\Program Files (x86)\MiKTeX 2.9\tex\generic\pgf\math\pgfmathfunctions.integ
erarithmetics.code.tex")))
("C:\Program Files (x86)\MiKTeX 2.9\tex\generic\pgf\math\pgfmathfloat.code.tex"
\c@pgfmathroundto@lastzeros=\count101
))
("C:\Program Files (x86)\MiKTeX 2.9\tex\generic\pgf\basiclayer\pgfcorepoints.co
de.tex"
File: pgfcorepoints.code.tex 2013/10/07  (rcs-revision 1.27)
\pgf@picminx=\dimen126
\pgf@picmaxx=\dimen127
\pgf@picminy=\dimen128
\pgf@picmaxy=\dimen129
\pgf@pathminx=\dimen130
\pgf@pathmaxx=\dimen131
\pgf@pathminy=\dimen132
\pgf@pathmaxy=\dimen133
\pgf@xx=\dimen134
\pgf@xy=\dimen135
\pgf@yx=\dimen136
\pgf@yy=\dimen137
\pgf@zx=\dimen138
\pgf@zy=\dimen139
LaTeX Font Info:    Try loading font information for OT1+antt on input line 926
.
 ("C:\Program Files (x86)\MiKTeX 2.9\tex\latex\antt\ot1antt.fd"
File: ot1antt.fd 2005/10/05 v1.2 font definition file for OT1/antt (MW)
))
("C:\Program Files (x86)\MiKTeX 2.9\tex\generic\pgf\basiclayer\pgfcorepathconst
ruct.code.tex"
File: pgfcorepathconstruct.code.tex 2013/10/07  (rcs-revision 1.29)
\pgf@path@lastx=\dimen140
\pgf@path@lasty=\dimen141
)
("C:\Program Files (x86)\MiKTeX 2.9\tex\generic\pgf\basiclayer\pgfcorepathusage
.code.tex"
File: pgfcorepathusage.code.tex 2013/12/13  (rcs-revision 1.23)
\pgf@shorten@end@additional=\dimen142
\pgf@shorten@start@additional=\dimen143
)
("C:\Program Files (x86)\MiKTeX 2.9\tex\generic\pgf\basiclayer\pgfcorescopes.co
de.tex"
File: pgfcorescopes.code.tex 2013/10/09  (rcs-revision 1.44)
\pgfpic=\box28
\pgf@hbox=\box29
\pgf@layerbox@main=\box30
\pgf@picture@serial@count=\count102
)
("C:\Program Files (x86)\MiKTeX 2.9\tex\generic\pgf\basiclayer\pgfcoregraphicst
ate.code.tex"
File: pgfcoregraphicstate.code.tex 2013/09/19  (rcs-revision 1.11)
\pgflinewidth=\dimen144
)
("C:\Program Files (x86)\MiKTeX 2.9\tex\generic\pgf\basiclayer\pgfcoretransform
ations.code.tex"
File: pgfcoretransformations.code.tex 2013/10/10  (rcs-revision 1.17)
\pgf@pt@x=\dimen145
\pgf@pt@y=\dimen146
\pgf@pt@temp=\dimen147
)
("C:\Program Files (x86)\MiKTeX 2.9\tex\generic\pgf\basiclayer\pgfcorequick.cod
e.tex"
File: pgfcorequick.code.tex 2008/10/09  (rcs-revision 1.3)
)
("C:\Program Files (x86)\MiKTeX 2.9\tex\generic\pgf\basiclayer\pgfcoreobjects.c
ode.tex"
File: pgfcoreobjects.code.tex 2006/10/11  (rcs-revision 1.2)
)
("C:\Program Files (x86)\MiKTeX 2.9\tex\generic\pgf\basiclayer\pgfcorepathproce
ssing.code.tex"
File: pgfcorepathprocessing.code.tex 2013/09/09  (rcs-revision 1.9)
)
("C:\Program Files (x86)\MiKTeX 2.9\tex\generic\pgf\basiclayer\pgfcorearrows.co
de.tex"
File: pgfcorearrows.code.tex 2013/11/07  (rcs-revision 1.40)
\pgfarrowsep=\dimen148
)
("C:\Program Files (x86)\MiKTeX 2.9\tex\generic\pgf\basiclayer\pgfcoreshade.cod
e.tex"
File: pgfcoreshade.code.tex 2013/07/15  (rcs-revision 1.15)
\pgf@max=\dimen149
\pgf@sys@shading@range@num=\count103
)
("C:\Program Files (x86)\MiKTeX 2.9\tex\generic\pgf\basiclayer\pgfcoreimage.cod
e.tex"
File: pgfcoreimage.code.tex 2013/07/15  (rcs-revision 1.18)

("C:\Program Files (x86)\MiKTeX 2.9\tex\generic\pgf\basiclayer\pgfcoreexternal.
code.tex"
File: pgfcoreexternal.code.tex 2013/07/15  (rcs-revision 1.20)
\pgfexternal@startupbox=\box31
))
("C:\Program Files (x86)\MiKTeX 2.9\tex\generic\pgf\basiclayer\pgfcorelayers.co
de.tex"
File: pgfcorelayers.code.tex 2013/07/18  (rcs-revision 1.7)
)
("C:\Program Files (x86)\MiKTeX 2.9\tex\generic\pgf\basiclayer\pgfcoretranspare
ncy.code.tex"
File: pgfcoretransparency.code.tex 2013/09/30  (rcs-revision 1.5)
)
("C:\Program Files (x86)\MiKTeX 2.9\tex\generic\pgf\basiclayer\pgfcorepatterns.
code.tex"
File: pgfcorepatterns.code.tex 2013/11/07  (rcs-revision 1.5)
)))
("C:\Program Files (x86)\MiKTeX 2.9\tex\generic\pgf\modules\pgfmoduleshapes.cod
e.tex"
File: pgfmoduleshapes.code.tex 2013/10/31  (rcs-revision 1.34)
\pgfnodeparttextbox=\box32
)
("C:\Program Files (x86)\MiKTeX 2.9\tex\generic\pgf\modules\pgfmoduleplot.code.
tex"
File: pgfmoduleplot.code.tex 2013/07/31  (rcs-revision 1.12)
)
("C:\Program Files (x86)\MiKTeX 2.9\tex\latex\pgf\compatibility\pgfcomp-version
-0-65.sty"
Package: pgfcomp-version-0-65 2007/07/03 v3.0.0 (rcs-revision 1.7)
\pgf@nodesepstart=\dimen150
\pgf@nodesepend=\dimen151
)
("C:\Program Files (x86)\MiKTeX 2.9\tex\latex\pgf\compatibility\pgfcomp-version
-1-18.sty"
Package: pgfcomp-version-1-18 2007/07/23 v3.0.0 (rcs-revision 1.1)
))
("C:\Program Files (x86)\MiKTeX 2.9\tex\latex\pgf\utilities\pgffor.sty"
("C:\Program Files (x86)\MiKTeX 2.9\tex\latex\pgf\utilities\pgfkeys.sty"
("C:\Program Files (x86)\MiKTeX 2.9\tex\generic\pgf\utilities\pgfkeys.code.tex"
)) ("C:\Program Files (x86)\MiKTeX 2.9\tex\latex\pgf\math\pgfmath.sty"
("C:\Program Files (x86)\MiKTeX 2.9\tex\generic\pgf\math\pgfmath.code.tex"))
("C:\Program Files (x86)\MiKTeX 2.9\tex\generic\pgf\utilities\pgffor.code.tex"
Package: pgffor 2013/12/13 v3.0.0 (rcs-revision 1.25)

("C:\Program Files (x86)\MiKTeX 2.9\tex\generic\pgf\math\pgfmath.code.tex")
\pgffor@iter=\dimen152
\pgffor@skip=\dimen153
\pgffor@stack=\toks29
\pgffor@toks=\toks30
))
("C:\Program Files (x86)\MiKTeX 2.9\tex\generic\pgf\frontendlayer\tikz\tikz.cod
e.tex"
Package: tikz 2013/12/13 v3.0.0 (rcs-revision 1.142)

("C:\Program Files (x86)\MiKTeX 2.9\tex\generic\pgf\libraries\pgflibraryplothan
dlers.code.tex"
File: pgflibraryplothandlers.code.tex 2013/08/31 v3.0.0 (rcs-revision 1.20)
\pgf@plot@mark@count=\count104
\pgfplotmarksize=\dimen154
)
\tikz@lastx=\dimen155
\tikz@lasty=\dimen156
\tikz@lastxsaved=\dimen157
\tikz@lastysaved=\dimen158
\tikzleveldistance=\dimen159
\tikzsiblingdistance=\dimen160
\tikz@figbox=\box33
\tikz@figbox@bg=\box34
\tikz@tempbox=\box35
\tikz@tempbox@bg=\box36
\tikztreelevel=\count105
\tikznumberofchildren=\count106
\tikznumberofcurrentchild=\count107
\tikz@fig@count=\count108

("C:\Program Files (x86)\MiKTeX 2.9\tex\generic\pgf\modules\pgfmodulematrix.cod
e.tex"
File: pgfmodulematrix.code.tex 2013/09/17  (rcs-revision 1.8)
\pgfmatrixcurrentrow=\count109
\pgfmatrixcurrentcolumn=\count110
\pgf@matrix@numberofcolumns=\count111
)
\tikz@expandcount=\count112

("C:\Program Files (x86)\MiKTeX 2.9\tex\generic\pgf\frontendlayer\tikz\librarie
s\tikzlibrarytopaths.code.tex"
File: tikzlibrarytopaths.code.tex 2008/06/17 v3.0.0 (rcs-revision 1.2)
)))
("C:\Program Files (x86)\MiKTeX 2.9\tex\generic\pgf\frontendlayer\tikz\librarie
s\tikzlibrarypatterns.code.tex"
File: tikzlibrarypatterns.code.tex 2008/01/15 v3.0.0 (rcs-revision 1.2)

("C:\Program Files (x86)\MiKTeX 2.9\tex\generic\pgf\libraries\pgflibrarypattern
s.code.tex"
File: pgflibrarypatterns.code.tex 2008/03/03 v3.0.0 (rcs-revision 1.13)
))
("C:\Program Files (x86)\MiKTeX 2.9\tex\generic\pgf\frontendlayer\tikz\librarie
s\tikzlibraryshadows.code.tex"
File: tikzlibraryshadows.code.tex 2008/01/13 v3.0.0 (rcs-revision 1.3)

("C:\Program Files (x86)\MiKTeX 2.9\tex\generic\pgf\frontendlayer\tikz\librarie
s\tikzlibraryfadings.code.tex"
File: tikzlibraryfadings.code.tex 2009/11/15 v3.0.0 (rcs-revision 1.2)

("C:\Program Files (x86)\MiKTeX 2.9\tex\generic\pgf\libraries\pgflibraryfadings
.code.tex"
File: pgflibraryfadings.code.tex 2008/02/07 v3.0.0 (rcs-revision 1.3)
))) ("C:\Program Files (x86)\MiKTeX 2.9\tex\latex\psnfss\pifont.sty"
Package: pifont 2005/04/12 PSNFSS-v9.2a Pi font support (SPQR) 
LaTeX Font Info:    Try loading font information for U+pzd on input line 63.

("C:\Program Files (x86)\MiKTeX 2.9\tex\latex\psnfss\upzd.fd"
File: upzd.fd 2001/06/04 font definitions for U/pzd.
)
LaTeX Font Info:    Try loading font information for U+psy on input line 64.

("C:\Program Files (x86)\MiKTeX 2.9\tex\latex\psnfss\upsy.fd"
File: upsy.fd 2001/06/04 font definitions for U/psy.
))
("C:\Program Files (x86)\MiKTeX 2.9\tex\latex\fourier\fourier-orns.sty"
Package: fourier-orns 2004/01/30 1.1 fourier-ornaments package
)
("C:\Program Files (x86)\MiKTeX 2.9\tex\latex\dejavu\DejaVuSansMono.sty"
Package: DejaVuSansMono 2011/06/01 Style file for DejaVuSansMono.
)
("C:\Program Files (x86)\MiKTeX 2.9\tex\latex\base\fontenc.sty"
Package: fontenc 2005/09/27 v1.99g Standard LaTeX package

("C:\Program Files (x86)\MiKTeX 2.9\tex\latex\base\t1enc.def"
File: t1enc.def 2005/09/27 v1.99g Standard LaTeX file
LaTeX Font Info:    Redeclaring font encoding T1 on input line 43.
)
LaTeX Font Info:    Try loading font information for T1+antt on input line 100.


("C:\Program Files (x86)\MiKTeX 2.9\tex\latex\antt\t1antt.fd"
File: t1antt.fd 2005/10/05 v1.2 font definition file for T1/antt (MW)
))
("C:\Program Files (x86)\MiKTeX 2.9\tex\latex\shadowtext\shadowtext.sty"
Package: shadowtext 2012/05/07 v0.3 Shadow Text
\st@shadowoffsetx=\skip44
\st@shadowoffsety=\skip45
\st@temp@width=\skip46
\st@temp@height=\skip47
\st@pic@width=\skip48
\st@pic@height=\skip49
)
("C:\Program Files (x86)\MiKTeX 2.9\tex\latex\setspace\setspace.sty"
Package: setspace 2011/12/19 v6.7a set line spacing
))
("C:\Program Files (x86)\MiKTeX 2.9\tex\latex\mwe\mwe.sty"
Package: mwe 2012/05/15 v0.3 Package to support minimal working examples (MWE)

("C:\Program Files (x86)\MiKTeX 2.9\tex\latex\lipsum\lipsum.sty"
Package: lipsum 2014/07/27 v1.3 150 paragraphs of Lorem Ipsum dummy text
\c@lips@count=\count113
)
("C:\Program Files (x86)\MiKTeX 2.9\tex\latex\blindtext\blindtext.sty"
Package: blindtext 2012/01/06 V2.0 blindtext-Package

("C:\Program Files (x86)\MiKTeX 2.9\tex\latex\tools\xspace.sty"
Package: xspace 2009/10/20 v1.13 Space after command names (DPC,MH)
)
\c@blindtext=\count114
\c@Blindtext=\count115
\c@blind@countparstart=\count116
\blind@countxx=\count117
\blindtext@numBlindtext=\count118
\blind@countyy=\count119
\c@blindlist=\count120
\c@blindlistlevel=\count121
\c@blindlist@level=\count122
\blind@listitem=\count123
\c@blind@listcount=\count124
\c@blind@levelcount=\count125
\blind@mathformula=\count126
\blind@Mathformula=\count127
\c@blind@randomcount=\count128
\c@blind@randommax=\count129
\c@blind@pangramcount=\count130
\c@blind@pangrammax=\count131
))
(C:\Users\kriley\Desktop\zArena\colors.tex)
(C:\Users\kriley\Desktop\zArena\tikzcardsBare.tex)
(C:\Users\kriley\Desktop\zArena\bareCards.aux)
LaTeX Font Info:    Checking defaults for OML/cmm/m/it on input line 24.
LaTeX Font Info:    ... okay on input line 24.
LaTeX Font Info:    Checking defaults for T1/cmr/m/n on input line 24.
LaTeX Font Info:    ... okay on input line 24.
LaTeX Font Info:    Checking defaults for OT1/cmr/m/n on input line 24.
LaTeX Font Info:    ... okay on input line 24.
LaTeX Font Info:    Checking defaults for OMS/cmsy/m/n on input line 24.
LaTeX Font Info:    ... okay on input line 24.
LaTeX Font Info:    Checking defaults for OMX/cmex/m/n on input line 24.
LaTeX Font Info:    ... okay on input line 24.
LaTeX Font Info:    Checking defaults for U/cmr/m/n on input line 24.
LaTeX Font Info:    ... okay on input line 24.
LaTeX Font Info:    Try loading font information for T1+DejaVuSansMono-TLF on i
nput line 24.

("C:\Program Files (x86)\MiKTeX 2.9\tex\latex\dejavu\t1dejavusansmono-tlf.fd"
File: T1DejaVuSansMono-TLF.fd 2011/06/01 Font definitions for T1/DejaVuSansMono
-TLF.
)
*geometry* driver: auto-detecting
*geometry* detected driver: pdftex
*geometry* verbose mode - [ preamble ] result:
* driver: pdftex
* paper: <default>
* layout: <same size as paper>
* layoutoffset:(h,v)=(0.0pt,0.0pt)
* modes: 
* h-part:(L,W,R)=(17.07164pt, 580.15172pt, 17.07164pt)
* v-part:(T,H,B)=(14.22636pt, 763.67198pt, 17.07164pt)
* \paperwidth=614.295pt
* \paperheight=794.96999pt
* \textwidth=580.15172pt
* \textheight=763.67198pt
* \oddsidemargin=-55.19835pt
* \evensidemargin=-55.19835pt
* \topmargin=-95.04362pt
* \headheight=12.0pt
* \headsep=25.0pt
* \topskip=10.0pt
* \footskip=30.0pt
* \marginparwidth=65.0pt
* \marginparsep=11.0pt
* \columnsep=10.0pt
* \skip\footins=9.0pt plus 4.0pt minus 2.0pt
* \hoffset=0.0pt
* \voffset=0.0pt
* \mag=1000
* \@twocolumnfalse
* \@twosidefalse
* \@mparswitchfalse
* \@reversemarginfalse
* (1in=72.27pt=25.4mm, 1cm=28.453pt)

LaTeX Info: Redefining \microtypecontext on input line 24.
Package microtype Info: Generating PDF output.
Package microtype Info: Character protrusion enabled (level 2).
Package microtype Info: Using default protrusion set `alltext'.
Package microtype Info: Automatic font expansion enabled (level 2),
(microtype)             stretch: 20, shrink: 20, step: 1, non-selected.
Package microtype Info: Using default expansion set `basictext'.
Package microtype Info: No adjustment of tracking.
Package microtype Info: No adjustment of interword spacing.
Package microtype Info: No adjustment of character kerning.
Package microtype Info: Loading generic settings for font family
(microtype)             `DejaVuSansMono-TLF' (encoding: T1).
(microtype)             For optimal results, create family-specific settings.
(microtype)             See the microtype manual for details.
("C:\Program Files (x86)\MiKTeX 2.9\tex\context\base\supp-pdf.mkii"
[Loading MPS to PDF converter (version 2006.09.02).]
\scratchcounter=\count132
\scratchdimen=\dimen161
\scratchbox=\box37
\nofMPsegments=\count133
\nofMParguments=\count134
\everyMPshowfont=\toks31
\MPscratchCnt=\count135
\MPscratchDim=\dimen162
\MPnumerator=\count136
\makeMPintoPDFobject=\count137
\everyMPtoPDFconversion=\toks32
) ABD: EveryShipout initializing macros
("C:\Program Files (x86)\MiKTeX 2.9\tex\latex\microtype\mt-cmr.cfg"
File: mt-cmr.cfg 2013/05/19 v2.2 microtype config. file: Computer Modern Roman 
(RS)
)
LaTeX Font Info:    External font `cmex10' loaded for size
(Font)              <7> on input line 28.
LaTeX Font Info:    External font `cmex10' loaded for size
(Font)              <5> on input line 28.
Package microtype Info: Loading generic settings for font family
(microtype)             `antt' (encoding: T1).
(microtype)             For optimal results, create family-specific settings.
(microtype)             See the microtype manual for details.

<Teleport.png, id=28, 513.92pt x 513.92pt>
File: Teleport.png Graphic file (type png)
 <use Teleport.png>
Package pdftex.def Info: Teleport.png used on input line 31.
(pdftex.def)             Requested size: 71.12491pt x 71.13188pt.
File: Teleport.png Graphic file (type png)

<use Teleport.png>
Package pdftex.def Info: Teleport.png used on input line 31.
(pdftex.def)             Requested size: 22.75684pt x 22.76228pt.


! LaTeX Error: File `' not found.

See the LaTeX manual or LaTeX Companion for explanation.
Type  H <return>  for immediate help.
 ...                                              
                                                  
l.32 \player{}
              
I could not locate the file with any of these extensions:
.pdf,.png,.jpg,.mps,.jpeg,.jbig2,.jb2,.PNG,.PDF,.JPG,.JPEG,.JBIG2,.JB2
Try typing  <return>  to proceed.
If that doesn't work, type  X <return>  to quit.

<swoop2.png, id=30, 149.8097pt x 129.48375pt>
File: swoop2.png Graphic file (type png)
 <use swoop2.png>
Package pdftex.def Info: swoop2.png used on input line 40.
(pdftex.def)             Requested size: 82.30185pt x 71.13188pt.

<hawk.png, id=31, 513.92pt x 513.92pt>
File: hawk.png Graphic file (type png)
 <use hawk.png>
Package pdftex.def Info: hawk.png used on input line 40.
(pdftex.def)             Requested size: 22.75684pt x 22.76228pt.


! LaTeX Error: File `' not found.

See the LaTeX manual or LaTeX Companion for explanation.
Type  H <return>  for immediate help.
 ...                                              
                                                  
l.41 \player{}
              
I could not locate the file with any of these extensions:
.pdf,.png,.jpg,.mps,.jpeg,.jbig2,.jb2,.PNG,.PDF,.JPG,.JPEG,.JBIG2,.JB2
Try typing  <return>  to proceed.
If that doesn't work, type  X <return>  to quit.

<strike2.png, id=32, 147.55125pt x 130.23656pt>
File: strike2.png Graphic file (type png)
 <use strike2.png>
Package pdftex.def Info: strike2.png used on input line 49.
(pdftex.def)             Requested size: 80.5883pt x 71.13188pt.

<swipe.png, id=33, 513.92pt x 513.92pt>
File: swipe.png Graphic file (type png)
 <use swipe.png>
Package pdftex.def Info: swipe.png used on input line 49.
(pdftex.def)             Requested size: 22.75684pt x 22.76228pt.

<P4.png, id=34, 513.92pt x 513.92pt>
File: P4.png Graphic file (type png)
 <use P4.png>
Package pdftex.def Info: P4.png used on input line 50.
(pdftex.def)             Requested size: 22.75684pt x 22.76228pt.
File: strike2.png Graphic file (type png)
 <use strike2.png>
Package pdftex.def Info: strike2.png used on input line 58.
(pdftex.def)             Requested size: 80.5883pt x 71.13188pt.
File: swipe.png Graphic file (type png)

<use swipe.png>
Package pdftex.def Info: swipe.png used on input line 58.
(pdftex.def)             Requested size: 22.75684pt x 22.76228pt.
 <P3.png, id=35, 513.92pt x 513.92pt>
File: P3.png Graphic file (type png)
 <use P3.png>
Package pdftex.def Info: P3.png used on input line 59.
(pdftex.def)             Requested size: 22.75684pt x 22.76228pt.
File: strike2.png Graphic file (type png)

<use strike2.png>
Package pdftex.def Info: strike2.png used on input line 67.
(pdftex.def)             Requested size: 80.5883pt x 71.13188pt.
File: swipe.png Graphic file (type png)
 <use swipe.png>
Package pdftex.def Info: swipe.png used on input line 67.
(pdftex.def)             Requested size: 22.75684pt x 22.76228pt.
 <P2.png, id=36, 513.92pt x 513.92pt>
File: P2.png Graphic file (type png)

<use P2.png>
Package pdftex.def Info: P2.png used on input line 68.
(pdftex.def)             Requested size: 22.75684pt x 22.76228pt.
File: strike2.png Graphic file (type png)
 <use strike2.png>
Package pdftex.def Info: strike2.png used on input line 76.
(pdftex.def)             Requested size: 80.5883pt x 71.13188pt.
File: swipe.png Graphic file (type png)
 <use swipe.png>
Package pdftex.def Info: swipe.png used on input line 76.
(pdftex.def)             Requested size: 22.75684pt x 22.76228pt.

<P1.png, id=37, 513.92pt x 513.92pt>
File: P1.png Graphic file (type png)
 <use P1.png>
Package pdftex.def Info: P1.png used on input line 77.
(pdftex.def)             Requested size: 22.75684pt x 22.76228pt.

<flail.png, id=38, 513.92pt x 513.92pt>
File: flail.png Graphic file (type png)
 <use flail.png>
Package pdftex.def Info: flail.png used on input line 85.
(pdftex.def)             Requested size: 71.12491pt x 71.13188pt.
File: flail.png Graphic file (type png)
 <use flail.png>
Package pdftex.def Info: flail.png used on input line 85.
(pdftex.def)             Requested size: 22.75684pt x 22.76228pt.
File: P4.png Graphic file (type png)

<use P4.png>
Package pdftex.def Info: P4.png used on input line 86.
(pdftex.def)             Requested size: 22.75684pt x 22.76228pt.
File: flail.png Graphic file (type png)
 <use flail.png>
Package pdftex.def Info: flail.png used on input line 94.
(pdftex.def)             Requested size: 71.12491pt x 71.13188pt.
File: flail.png Graphic file (type png)
 <use flail.png>
Package pdftex.def Info: flail.png used on input line 94.
(pdftex.def)             Requested size: 22.75684pt x 22.76228pt.
File: P3.png Graphic file (type png)
 <use P3.png>
Package pdftex.def Info: P3.png used on input line 95.
(pdftex.def)             Requested size: 22.75684pt x 22.76228pt.
File: flail.png Graphic file (type png)
 <use flail.png>
Package pdftex.def Info: flail.png used on input line 103.
(pdftex.def)             Requested size: 71.12491pt x 71.13188pt.
File: flail.png Graphic file (type png)

<use flail.png>
Package pdftex.def Info: flail.png used on input line 103.
(pdftex.def)             Requested size: 22.75684pt x 22.76228pt.
File: P2.png Graphic file (type png)
 <use P2.png>
Package pdftex.def Info: P2.png used on input line 104.
(pdftex.def)             Requested size: 22.75684pt x 22.76228pt.
File: flail.png Graphic file (type png)
 <use flail.png>
Package pdftex.def Info: flail.png used on input line 112.
(pdftex.def)             Requested size: 71.12491pt x 71.13188pt.
File: flail.png Graphic file (type png)
 <use flail.png>
Package pdftex.def Info: flail.png used on input line 112.
(pdftex.def)             Requested size: 22.75684pt x 22.76228pt.
File: P1.png Graphic file (type png)
 <use P1.png>
Package pdftex.def Info: P1.png used on input line 113.
(pdftex.def)             Requested size: 22.75684pt x 22.76228pt.

Underfull \hbox (badness 10000) in paragraph at lines 119--119
[] \T1/DejaVuSansMono-TLF/b/n/14.4 JEL-LY-FISH
 []


Underfull \hbox (badness 10000) in paragraph at lines 119--119
[] \T1/DejaVuSansMono-TLF/b/n/14.4 JEL-LY-FISH
 []


Underfull \hbox (badness 10000) in paragraph at lines 119--119
[] \T1/DejaVuSansMono-TLF/b/n/14.4 JEL-LY-FISH
 []


Underfull \hbox (badness 10000) in paragraph at lines 119--119
[] \T1/DejaVuSansMono-TLF/b/n/14.4 JEL-LY-FISH
 []

<sonic.png, id=39, 149.8097pt x 128.73094pt>
File: sonic.png Graphic file (type png)
 <use sonic.png>
Package pdftex.def Info: sonic.png used on input line 122.
(pdftex.def)             Requested size: 82.7796pt x 71.13188pt.

<jellyfish.png, id=40, 513.92pt x 513.92pt>
File: jellyfish.png Graphic file (type png)
 <use jellyfish.png>
Package pdftex.def Info: jellyfish.png used on input line 122.
(pdftex.def)             Requested size: 22.75684pt x 22.76228pt.


! LaTeX Error: File `' not found.

See the LaTeX manual or LaTeX Companion for explanation.
Type  H <return>  for immediate help.
 ...                                              
                                                  
l.123 \player{}
               
I could not locate the file with any of these extensions:
.pdf,.png,.jpg,.mps,.jpeg,.jbig2,.jb2,.PNG,.PDF,.JPG,.JPEG,.JBIG2,.JB2
Try typing  <return>  to proceed.
If that doesn't work, type  X <return>  to quit.

<shrug.png, id=41, 513.92pt x 513.92pt>
File: shrug.png Graphic file (type png)
 <use shrug.png>
Package pdftex.def Info: shrug.png used on input line 131.
(pdftex.def)             Requested size: 71.12491pt x 71.13188pt.
File: shrug.png Graphic file (type png)
 <use shrug.png>
Package pdftex.def Info: shrug.png used on input line 131.
(pdftex.def)             Requested size: 22.75684pt x 22.76228pt.


! LaTeX Error: File `' not found.

See the LaTeX manual or LaTeX Companion for explanation.
Type  H <return>  for immediate help.
 ...                                              
                                                  
l.132 \player{}
               
I could not locate the file with any of these extensions:
.pdf,.png,.jpg,.mps,.jpeg,.jbig2,.jb2,.PNG,.PDF,.JPG,.JPEG,.JBIG2,.JB2
Try typing  <return>  to proceed.
If that doesn't work, type  X <return>  to quit.

<rpg2.png, id=42, 222.8325pt x 179.16937pt>
File: rpg2.png Graphic file (type png)
 <use rpg2.png>
Package pdftex.def Info: rpg2.png used on input line 140.
(pdftex.def)             Requested size: 88.46838pt x 71.13188pt.

<rpg.png, id=43, 513.92pt x 513.92pt>
File: rpg.png Graphic file (type png)
 <use rpg.png>
Package pdftex.def Info: rpg.png used on input line 140.
(pdftex.def)             Requested size: 22.75684pt x 22.76228pt.


! LaTeX Error: File `' not found.

See the LaTeX manual or LaTeX Companion for explanation.
Type  H <return>  for immediate help.
 ...                                              
                                                  
l.141 \player{}
               
I could not locate the file with any of these extensions:
.pdf,.png,.jpg,.mps,.jpeg,.jbig2,.jb2,.PNG,.PDF,.JPG,.JPEG,.JBIG2,.JB2
Try typing  <return>  to proceed.
If that doesn't work, type  X <return>  to quit.

<right2.png, id=44, 513.92pt x 513.92pt>
File: right2.png Graphic file (type png)
 <use right2.png>
Package pdftex.def Info: right2.png used on input line 149.
(pdftex.def)             Requested size: 71.12491pt x 71.13188pt.
File: right2.png Graphic file (type png)
 <use right2.png>
Package pdftex.def Info: right2.png used on input line 149.
(pdftex.def)             Requested size: 22.75684pt x 22.76228pt.
File: P4.png Graphic file (type png)

<use P4.png>
Package pdftex.def Info: P4.png used on input line 150.
(pdftex.def)             Requested size: 22.75684pt x 22.76228pt.
File: right2.png Graphic file (type png)
 <use right2.png>
Package pdftex.def Info: right2.png used on input line 158.
(pdftex.def)             Requested size: 71.12491pt x 71.13188pt.
File: right2.png Graphic file (type png)
 <use right2.png>
Package pdftex.def Info: right2.png used on input line 158.
(pdftex.def)             Requested size: 22.75684pt x 22.76228pt.
File: P3.png Graphic file (type png)
 <use P3.png>
Package pdftex.def Info: P3.png used on input line 159.
(pdftex.def)             Requested size: 22.75684pt x 22.76228pt.
File: right2.png Graphic file (type png)
 <use right2.png>
Package pdftex.def Info: right2.png used on input line 167.
(pdftex.def)             Requested size: 71.12491pt x 71.13188pt.
File: right2.png Graphic file (type png)

<use right2.png>
Package pdftex.def Info: right2.png used on input line 167.
(pdftex.def)             Requested size: 22.75684pt x 22.76228pt.
File: P2.png Graphic file (type png)
 <use P2.png>
Package pdftex.def Info: P2.png used on input line 168.
(pdftex.def)             Requested size: 22.75684pt x 22.76228pt.
File: right2.png Graphic file (type png)
 <use right2.png>
Package pdftex.def Info: right2.png used on input line 176.
(pdftex.def)             Requested size: 71.12491pt x 71.13188pt.
File: right2.png Graphic file (type png)
 <use right2.png>
Package pdftex.def Info: right2.png used on input line 176.
(pdftex.def)             Requested size: 22.75684pt x 22.76228pt.
File: P1.png Graphic file (type png)
 <use P1.png>
Package pdftex.def Info: P1.png used on input line 177.
(pdftex.def)             Requested size: 22.75684pt x 22.76228pt.

<railgun2.png, id=45, 147.55125pt x 129.48375pt>
File: railgun2.png Graphic file (type png)
 <use railgun2.png>
Package pdftex.def Info: railgun2.png used on input line 185.
(pdftex.def)             Requested size: 81.06111pt x 71.13188pt.

<railgun.png, id=46, 513.92pt x 513.92pt>
File: railgun.png Graphic file (type png)
 <use railgun.png>
Package pdftex.def Info: railgun.png used on input line 185.
(pdftex.def)             Requested size: 22.75684pt x 22.76228pt.


! LaTeX Error: File `' not found.

See the LaTeX manual or LaTeX Companion for explanation.
Type  H <return>  for immediate help.
 ...                                              
                                                  
l.186 \player{}
               
I could not locate the file with any of these extensions:
.pdf,.png,.jpg,.mps,.jpeg,.jbig2,.jb2,.PNG,.PDF,.JPG,.JPEG,.JBIG2,.JB2
Try typing  <return>  to proceed.
If that doesn't work, type  X <return>  to quit.


Underfull \hbox (badness 10000) in paragraph at lines 192--192
[] \T1/DejaVuSansMono-TLF/b/n/14.4 SNA-KE
 []


Underfull \hbox (badness 10000) in paragraph at lines 192--192
[] \T1/DejaVuSansMono-TLF/b/n/14.4 SNA-KE
 []


Underfull \hbox (badness 10000) in paragraph at lines 192--192
[] \T1/DejaVuSansMono-TLF/b/n/14.4 SNA-KE
 []


Underfull \hbox (badness 10000) in paragraph at lines 192--192
[] \T1/DejaVuSansMono-TLF/b/n/14.4 SNA-KE
 []

<snakeStrike.png, id=47, 513.92pt x 513.92pt>
File: snakeStrike.png Graphic file (type png)
 <use snakeStrike.png>
Package pdftex.def Info: snakeStrike.png used on input line 195.
(pdftex.def)             Requested size: 71.12491pt x 71.13188pt.
File: snakeStrike.png Graphic file (type png)

<use snakeStrike.png>
Package pdftex.def Info: snakeStrike.png used on input line 195.
(pdftex.def)             Requested size: 22.75684pt x 22.76228pt.


! LaTeX Error: File `' not found.

See the LaTeX manual or LaTeX Companion for explanation.
Type  H <return>  for immediate help.
 ...                                              
                                                  
l.196 \player{}
               
I could not locate the file with any of these extensions:
.pdf,.png,.jpg,.mps,.jpeg,.jbig2,.jb2,.PNG,.PDF,.JPG,.JPEG,.JBIG2,.JB2
Try typing  <return>  to proceed.
If that doesn't work, type  X <return>  to quit.

<wolf.png, id=48, 513.92pt x 513.92pt>
File: wolf.png Graphic file (type png)
 <use wolf.png>
Package pdftex.def Info: wolf.png used on input line 205.
(pdftex.def)             Requested size: 71.12491pt x 71.13188pt.
File: wolf.png Graphic file (type png)
 <use wolf.png>
Package pdftex.def Info: wolf.png used on input line 205.
(pdftex.def)             Requested size: 22.75684pt x 22.76228pt.
File: P4.png Graphic file (type png)

<use P4.png>
Package pdftex.def Info: P4.png used on input line 206.
(pdftex.def)             Requested size: 22.75684pt x 22.76228pt.
File: wolf.png Graphic file (type png)
 <use wolf.png>
Package pdftex.def Info: wolf.png used on input line 215.
(pdftex.def)             Requested size: 71.12491pt x 71.13188pt.
File: wolf.png Graphic file (type png)
 <use wolf.png>
Package pdftex.def Info: wolf.png used on input line 215.
(pdftex.def)             Requested size: 22.75684pt x 22.76228pt.
File: P3.png Graphic file (type png)
 <use P3.png>
Package pdftex.def Info: P3.png used on input line 216.
(pdftex.def)             Requested size: 22.75684pt x 22.76228pt.
File: wolf.png Graphic file (type png)
 <use wolf.png>
Package pdftex.def Info: wolf.png used on input line 225.
(pdftex.def)             Requested size: 71.12491pt x 71.13188pt.
File: wolf.png Graphic file (type png)

<use wolf.png>
Package pdftex.def Info: wolf.png used on input line 225.
(pdftex.def)             Requested size: 22.75684pt x 22.76228pt.
File: P2.png Graphic file (type png)
 <use P2.png>
Package pdftex.def Info: P2.png used on input line 226.
(pdftex.def)             Requested size: 22.75684pt x 22.76228pt.
File: wolf.png Graphic file (type png)
 <use wolf.png>
Package pdftex.def Info: wolf.png used on input line 235.
(pdftex.def)             Requested size: 71.12491pt x 71.13188pt.
File: wolf.png Graphic file (type png)
 <use wolf.png>
Package pdftex.def Info: wolf.png used on input line 235.
(pdftex.def)             Requested size: 22.75684pt x 22.76228pt.
File: P1.png Graphic file (type png)
 <use P1.png>
Package pdftex.def Info: P1.png used on input line 236.
(pdftex.def)             Requested size: 22.75684pt x 22.76228pt.

<umbrella.png, id=49, 513.92pt x 513.92pt>
File: umbrella.png Graphic file (type png)
 <use umbrella.png>
Package pdftex.def Info: umbrella.png used on input line 244.
(pdftex.def)             Requested size: 71.12491pt x 71.13188pt.
File: umbrella.png Graphic file (type png)

<use umbrella.png>
Package pdftex.def Info: umbrella.png used on input line 244.
(pdftex.def)             Requested size: 22.75684pt x 22.76228pt.


! LaTeX Error: File `' not found.

See the LaTeX manual or LaTeX Companion for explanation.
Type  H <return>  for immediate help.
 ...                                              
                                                  
l.245 \player{}
               
I could not locate the file with any of these extensions:
.pdf,.png,.jpg,.mps,.jpeg,.jbig2,.jb2,.PNG,.PDF,.JPG,.JPEG,.JBIG2,.JB2
Try typing  <return>  to proceed.
If that doesn't work, type  X <return>  to quit.

<hypnosis.png, id=50, 513.92pt x 513.92pt>
File: hypnosis.png Graphic file (type png)
 <use hypnosis.png>
Package pdftex.def Info: hypnosis.png used on input line 253.
(pdftex.def)             Requested size: 71.12491pt x 71.13188pt.
File: hypnosis.png Graphic file (type png)

<use hypnosis.png>
Package pdftex.def Info: hypnosis.png used on input line 253.
(pdftex.def)             Requested size: 22.75684pt x 22.76228pt.


! LaTeX Error: File `' not found.

See the LaTeX manual or LaTeX Companion for explanation.
Type  H <return>  for immediate help.
 ...                                              
                                                  
l.254 \player{}
               
I could not locate the file with any of these extensions:
.pdf,.png,.jpg,.mps,.jpeg,.jbig2,.jb2,.PNG,.PDF,.JPG,.JPEG,.JBIG2,.JB2
Try typing  <return>  to proceed.
If that doesn't work, type  X <return>  to quit.

<left2.png, id=51, 513.92pt x 513.92pt>
File: left2.png Graphic file (type png)
 <use left2.png>
Package pdftex.def Info: left2.png used on input line 262.
(pdftex.def)             Requested size: 71.12491pt x 71.13188pt.
File: left2.png Graphic file (type png)
 <use left2.png>
Package pdftex.def Info: left2.png used on input line 262.
(pdftex.def)             Requested size: 22.75684pt x 22.76228pt.
File: P4.png Graphic file (type png)

<use P4.png>
Package pdftex.def Info: P4.png used on input line 263.
(pdftex.def)             Requested size: 22.75684pt x 22.76228pt.
File: left2.png Graphic file (type png)
 <use left2.png>
Package pdftex.def Info: left2.png used on input line 271.
(pdftex.def)             Requested size: 71.12491pt x 71.13188pt.
File: left2.png Graphic file (type png)
 <use left2.png>
Package pdftex.def Info: left2.png used on input line 271.
(pdftex.def)             Requested size: 22.75684pt x 22.76228pt.
File: P3.png Graphic file (type png)
 <use P3.png>
Package pdftex.def Info: P3.png used on input line 272.
(pdftex.def)             Requested size: 22.75684pt x 22.76228pt.
File: left2.png Graphic file (type png)
 <use left2.png>
Package pdftex.def Info: left2.png used on input line 280.
(pdftex.def)             Requested size: 71.12491pt x 71.13188pt.
File: left2.png Graphic file (type png)

<use left2.png>
Package pdftex.def Info: left2.png used on input line 280.
(pdftex.def)             Requested size: 22.75684pt x 22.76228pt.
File: P2.png Graphic file (type png)
 <use P2.png>
Package pdftex.def Info: P2.png used on input line 281.
(pdftex.def)             Requested size: 22.75684pt x 22.76228pt.
File: left2.png Graphic file (type png)
 <use left2.png>
Package pdftex.def Info: left2.png used on input line 289.
(pdftex.def)             Requested size: 71.12491pt x 71.13188pt.
File: left2.png Graphic file (type png)
 <use left2.png>
Package pdftex.def Info: left2.png used on input line 289.
(pdftex.def)             Requested size: 22.75684pt x 22.76228pt.
File: P1.png Graphic file (type png)
 <use P1.png>
Package pdftex.def Info: P1.png used on input line 290.
(pdftex.def)             Requested size: 22.75684pt x 22.76228pt.

Underfull \hbox (badness 10000) in paragraph at lines 296--296
[] \T1/DejaVuSansMono-TLF/b/n/14.4 JET-PACK
 []


Underfull \hbox (badness 10000) in paragraph at lines 296--296
[] \T1/DejaVuSansMono-TLF/b/n/14.4 JET-PACK
 []


Underfull \hbox (badness 10000) in paragraph at lines 296--296
[] \T1/DejaVuSansMono-TLF/b/n/14.4 JET-PACK
 []


Underfull \hbox (badness 10000) in paragraph at lines 296--296
[] \T1/DejaVuSansMono-TLF/b/n/14.4 JET-PACK
 []

<jetpack.png, id=52, 513.92pt x 513.92pt>
File: jetpack.png Graphic file (type png)
 <use jetpack.png>
Package pdftex.def Info: jetpack.png used on input line 299.
(pdftex.def)             Requested size: 71.12491pt x 71.13188pt.
File: jetpack.png Graphic file (type png)
 <use jetpack.png>
Package pdftex.def Info: jetpack.png used on input line 299.
(pdftex.def)             Requested size: 22.75684pt x 22.76228pt.


! LaTeX Error: File `' not found.

See the LaTeX manual or LaTeX Companion for explanation.
Type  H <return>  for immediate help.
 ...                                              
                                                  
l.300 \player{}
               
I could not locate the file with any of these extensions:
.pdf,.png,.jpg,.mps,.jpeg,.jbig2,.jb2,.PNG,.PDF,.JPG,.JPEG,.JBIG2,.JB2
Try typing  <return>  to proceed.
If that doesn't work, type  X <return>  to quit.

<immolate2.png, id=53, 151.3153pt x 130.23656pt>
File: immolate2.png Graphic file (type png)
 <use immolate2.png>
Package pdftex.def Info: immolate2.png used on input line 308.
(pdftex.def)             Requested size: 82.64413pt x 71.13188pt.

<rage.png, id=54, 513.92pt x 513.92pt>
File: rage.png Graphic file (type png)
 <use rage.png>
Package pdftex.def Info: rage.png used on input line 308.
(pdftex.def)             Requested size: 22.75684pt x 22.76228pt.


! LaTeX Error: File `' not found.

See the LaTeX manual or LaTeX Companion for explanation.
Type  H <return>  for immediate help.
 ...                                              
                                                  
l.309 \player{}
               
I could not locate the file with any of these extensions:
.pdf,.png,.jpg,.mps,.jpeg,.jbig2,.jb2,.PNG,.PDF,.JPG,.JPEG,.JBIG2,.JB2
Try typing  <return>  to proceed.
If that doesn't work, type  X <return>  to quit.

<grenade2.png, id=55, 149.05687pt x 128.73094pt>
File: grenade2.png Graphic file (type png)
 <use grenade2.png>
Package pdftex.def Info: grenade2.png used on input line 318.
(pdftex.def)             Requested size: 82.36363pt x 71.13188pt.

<waspNest.png, id=56, 513.92pt x 513.92pt>
File: waspNest.png Graphic file (type png)
 <use waspNest.png>
Package pdftex.def Info: waspNest.png used on input line 318.
(pdftex.def)             Requested size: 22.75684pt x 22.76228pt.


! LaTeX Error: File `' not found.

See the LaTeX manual or LaTeX Companion for explanation.
Type  H <return>  for immediate help.
 ...                                              
                                                  
l.319 \player{}
               
I could not locate the file with any of these extensions:
.pdf,.png,.jpg,.mps,.jpeg,.jbig2,.jb2,.PNG,.PDF,.JPG,.JPEG,.JBIG2,.JB2
Try typing  <return>  to proceed.
If that doesn't work, type  X <return>  to quit.

<forward.png, id=57, 513.92pt x 513.92pt>
File: forward.png Graphic file (type png)
 <use forward.png>
Package pdftex.def Info: forward.png used on input line 327.
(pdftex.def)             Requested size: 71.12491pt x 71.13188pt.
File: forward.png Graphic file (type png)
 <use forward.png>
Package pdftex.def Info: forward.png used on input line 327.
(pdftex.def)             Requested size: 22.75684pt x 22.76228pt.
File: P4.png Graphic file (type png)

<use P4.png>
Package pdftex.def Info: P4.png used on input line 328.
(pdftex.def)             Requested size: 22.75684pt x 22.76228pt.
File: forward.png Graphic file (type png)
 <use forward.png>
Package pdftex.def Info: forward.png used on input line 336.
(pdftex.def)             Requested size: 71.12491pt x 71.13188pt.
File: forward.png Graphic file (type png)
 <use forward.png>
Package pdftex.def Info: forward.png used on input line 336.
(pdftex.def)             Requested size: 22.75684pt x 22.76228pt.
File: P3.png Graphic file (type png)
 <use P3.png>
Package pdftex.def Info: P3.png used on input line 337.
(pdftex.def)             Requested size: 22.75684pt x 22.76228pt.
File: forward.png Graphic file (type png)

<use forward.png>
Package pdftex.def Info: forward.png used on input line 345.
(pdftex.def)             Requested size: 71.12491pt x 71.13188pt.
File: forward.png Graphic file (type png)
 <use forward.png>
Package pdftex.def Info: forward.png used on input line 345.
(pdftex.def)             Requested size: 22.75684pt x 22.76228pt.
File: P2.png Graphic file (type png)
 <use P2.png>
Package pdftex.def Info: P2.png used on input line 346.
(pdftex.def)             Requested size: 22.75684pt x 22.76228pt.
File: forward.png Graphic file (type png)
 <use forward.png>
Package pdftex.def Info: forward.png used on input line 354.
(pdftex.def)             Requested size: 71.12491pt x 71.13188pt.
File: forward.png Graphic file (type png)

<use forward.png>
Package pdftex.def Info: forward.png used on input line 354.
(pdftex.def)             Requested size: 22.75684pt x 22.76228pt.
File: P1.png Graphic file (type png)
 <use P1.png>
Package pdftex.def Info: P1.png used on input line 355.
(pdftex.def)             Requested size: 22.75684pt x 22.76228pt.

<forcefield2.png, id=58, 146.04562pt x 127.22531pt>
File: forcefield2.png Graphic file (type png)
 <use forcefield2.png>
Package pdftex.def Info: forcefield2.png used on input line 363.
(pdftex.def)             Requested size: 81.65794pt x 71.13188pt.

<fireRing.png, id=59, 513.92pt x 513.92pt>
File: fireRing.png Graphic file (type png)
 <use fireRing.png>
Package pdftex.def Info: fireRing.png used on input line 363.
(pdftex.def)             Requested size: 22.75684pt x 22.76228pt.


! LaTeX Error: File `' not found.

See the LaTeX manual or LaTeX Companion for explanation.
Type  H <return>  for immediate help.
 ...                                              
                                                  
l.364 \player{}
               
I could not locate the file with any of these extensions:
.pdf,.png,.jpg,.mps,.jpeg,.jbig2,.jb2,.PNG,.PDF,.JPG,.JPEG,.JBIG2,.JB2
Try typing  <return>  to proceed.
If that doesn't work, type  X <return>  to quit.

<duck.png, id=60, 513.92pt x 513.92pt>
File: duck.png Graphic file (type png)
 <use duck.png>
Package pdftex.def Info: duck.png used on input line 373.
(pdftex.def)             Requested size: 71.12491pt x 71.13188pt.
File: duck.png Graphic file (type png)
 <use duck.png>
Package pdftex.def Info: duck.png used on input line 373.
(pdftex.def)             Requested size: 22.75684pt x 22.76228pt.
File: P4.png Graphic file (type png)

<use P4.png>
Package pdftex.def Info: P4.png used on input line 374.
(pdftex.def)             Requested size: 22.75684pt x 22.76228pt.
File: duck.png Graphic file (type png)
 <use duck.png>
Package pdftex.def Info: duck.png used on input line 383.
(pdftex.def)             Requested size: 71.12491pt x 71.13188pt.
File: duck.png Graphic file (type png)
 <use duck.png>
Package pdftex.def Info: duck.png used on input line 383.
(pdftex.def)             Requested size: 22.75684pt x 22.76228pt.
File: P4.png Graphic file (type png)
 <use P4.png>
Package pdftex.def Info: P4.png used on input line 384.
(pdftex.def)             Requested size: 22.75684pt x 22.76228pt.
File: duck.png Graphic file (type png)
 <use duck.png>
Package pdftex.def Info: duck.png used on input line 393.
(pdftex.def)             Requested size: 71.12491pt x 71.13188pt.
File: duck.png Graphic file (type png)

<use duck.png>
Package pdftex.def Info: duck.png used on input line 393.
(pdftex.def)             Requested size: 22.75684pt x 22.76228pt.
File: P3.png Graphic file (type png)
 <use P3.png>
Package pdftex.def Info: P3.png used on input line 394.
(pdftex.def)             Requested size: 22.75684pt x 22.76228pt.
File: duck.png Graphic file (type png)
 <use duck.png>
Package pdftex.def Info: duck.png used on input line 403.
(pdftex.def)             Requested size: 71.12491pt x 71.13188pt.
File: duck.png Graphic file (type png)
 <use duck.png>
Package pdftex.def Info: duck.png used on input line 403.
(pdftex.def)             Requested size: 22.75684pt x 22.76228pt.
File: P3.png Graphic file (type png)
 <use P3.png>
Package pdftex.def Info: P3.png used on input line 404.
(pdftex.def)             Requested size: 22.75684pt x 22.76228pt.
File: duck.png Graphic file (type png)

<use duck.png>
Package pdftex.def Info: duck.png used on input line 413.
(pdftex.def)             Requested size: 71.12491pt x 71.13188pt.
File: duck.png Graphic file (type png)
 <use duck.png>
Package pdftex.def Info: duck.png used on input line 413.
(pdftex.def)             Requested size: 22.75684pt x 22.76228pt.
File: P2.png Graphic file (type png)
 <use P2.png>
Package pdftex.def Info: P2.png used on input line 414.
(pdftex.def)             Requested size: 22.75684pt x 22.76228pt.
File: duck.png Graphic file (type png)
 <use duck.png>
Package pdftex.def Info: duck.png used on input line 423.
(pdftex.def)             Requested size: 71.12491pt x 71.13188pt.
File: duck.png Graphic file (type png)
 <use duck.png>
Package pdftex.def Info: duck.png used on input line 423.
(pdftex.def)             Requested size: 22.75684pt x 22.76228pt.
File: P2.png Graphic file (type png)

<use P2.png>
Package pdftex.def Info: P2.png used on input line 424.
(pdftex.def)             Requested size: 22.75684pt x 22.76228pt.
File: duck.png Graphic file (type png)
 <use duck.png>
Package pdftex.def Info: duck.png used on input line 433.
(pdftex.def)             Requested size: 71.12491pt x 71.13188pt.
File: duck.png Graphic file (type png)
 <use duck.png>
Package pdftex.def Info: duck.png used on input line 433.
(pdftex.def)             Requested size: 22.75684pt x 22.76228pt.
File: P1.png Graphic file (type png)
 <use P1.png>
Package pdftex.def Info: P1.png used on input line 434.
(pdftex.def)             Requested size: 22.75684pt x 22.76228pt.
File: duck.png Graphic file (type png)
 <use duck.png>
Package pdftex.def Info: duck.png used on input line 443.
(pdftex.def)             Requested size: 71.12491pt x 71.13188pt.
File: duck.png Graphic file (type png)

<use duck.png>
Package pdftex.def Info: duck.png used on input line 443.
(pdftex.def)             Requested size: 22.75684pt x 22.76228pt.
File: P1.png Graphic file (type png)
 <use P1.png>
Package pdftex.def Info: P1.png used on input line 444.
(pdftex.def)             Requested size: 22.75684pt x 22.76228pt.
 <rhino.png, id=61, 513.92pt x 513.92pt>
File: rhino.png Graphic file (type png)

<use rhino.png>
Package pdftex.def Info: rhino.png used on input line 453.
(pdftex.def)             Requested size: 71.12491pt x 71.13188pt.
File: rhino.png Graphic file (type png)
 <use rhino.png>
Package pdftex.def Info: rhino.png used on input line 453.
(pdftex.def)             Requested size: 22.75684pt x 22.76228pt.


! LaTeX Error: File `' not found.

See the LaTeX manual or LaTeX Companion for explanation.
Type  H <return>  for immediate help.
 ...                                              
                                                  
l.454 \player{}
               
I could not locate the file with any of these extensions:
.pdf,.png,.jpg,.mps,.jpeg,.jbig2,.jb2,.PNG,.PDF,.JPG,.JPEG,.JBIG2,.JB2
Try typing  <return>  to proceed.
If that doesn't work, type  X <return>  to quit.

<boomerang2.png, id=62, 147.55125pt x 127.22531pt>
File: boomerang2.png Graphic file (type png)
 <use boomerang2.png>
Package pdftex.def Info: boomerang2.png used on input line 462.
(pdftex.def)             Requested size: 82.49979pt x 71.13188pt.

<boomerang.png, id=63, 513.92pt x 513.92pt>
File: boomerang.png Graphic file (type png)
 <use boomerang.png>
Package pdftex.def Info: boomerang.png used on input line 462.
(pdftex.def)             Requested size: 22.75684pt x 22.76228pt.


! LaTeX Error: File `' not found.

See the LaTeX manual or LaTeX Companion for explanation.
Type  H <return>  for immediate help.
 ...                                              
                                                  
l.463 \player{}
               
I could not locate the file with any of these extensions:
.pdf,.png,.jpg,.mps,.jpeg,.jbig2,.jb2,.PNG,.PDF,.JPG,.JPEG,.JBIG2,.JB2
Try typing  <return>  to proceed.
If that doesn't work, type  X <return>  to quit.

<back.png, id=64, 513.92pt x 513.92pt>
File: back.png Graphic file (type png)
 <use back.png>
Package pdftex.def Info: back.png used on input line 471.
(pdftex.def)             Requested size: 71.12491pt x 71.13188pt.
File: back.png Graphic file (type png)
 <use back.png>
Package pdftex.def Info: back.png used on input line 471.
(pdftex.def)             Requested size: 22.75684pt x 22.76228pt.
File: P4.png Graphic file (type png)

<use P4.png>
Package pdftex.def Info: P4.png used on input line 472.
(pdftex.def)             Requested size: 22.75684pt x 22.76228pt.
File: back.png Graphic file (type png)
 <use back.png>
Package pdftex.def Info: back.png used on input line 480.
(pdftex.def)             Requested size: 71.12491pt x 71.13188pt.
File: back.png Graphic file (type png)
 <use back.png>
Package pdftex.def Info: back.png used on input line 480.
(pdftex.def)             Requested size: 22.75684pt x 22.76228pt.
File: P3.png Graphic file (type png)
 <use P3.png>
Package pdftex.def Info: P3.png used on input line 481.
(pdftex.def)             Requested size: 22.75684pt x 22.76228pt.
File: back.png Graphic file (type png)
 <use back.png>
Package pdftex.def Info: back.png used on input line 489.
(pdftex.def)             Requested size: 71.12491pt x 71.13188pt.
File: back.png Graphic file (type png)

<use back.png>
Package pdftex.def Info: back.png used on input line 489.
(pdftex.def)             Requested size: 22.75684pt x 22.76228pt.
File: P2.png Graphic file (type png)
 <use P2.png>
Package pdftex.def Info: P2.png used on input line 490.
(pdftex.def)             Requested size: 22.75684pt x 22.76228pt.
File: back.png Graphic file (type png)
 <use back.png>
Package pdftex.def Info: back.png used on input line 498.
(pdftex.def)             Requested size: 71.12491pt x 71.13188pt.
File: back.png Graphic file (type png)
 <use back.png>
Package pdftex.def Info: back.png used on input line 498.
(pdftex.def)             Requested size: 22.75684pt x 22.76228pt.
File: P1.png Graphic file (type png)
 <use P1.png>
Package pdftex.def Info: P1.png used on input line 499.
(pdftex.def)             Requested size: 22.75684pt x 22.76228pt.

<panda.png, id=65, 513.92pt x 513.92pt>
File: panda.png Graphic file (type png)
 <use panda.png>
Package pdftex.def Info: panda.png used on input line 507.
(pdftex.def)             Requested size: 71.12491pt x 71.13188pt.
File: panda.png Graphic file (type png)
 <use panda.png>
Package pdftex.def Info: panda.png used on input line 507.
(pdftex.def)             Requested size: 22.75684pt x 22.76228pt.


! LaTeX Error: File `' not found.

See the LaTeX manual or LaTeX Companion for explanation.
Type  H <return>  for immediate help.
 ...                                              
                                                  
l.508 \player{}
               
I could not locate the file with any of these extensions:
.pdf,.png,.jpg,.mps,.jpeg,.jbig2,.jb2,.PNG,.PDF,.JPG,.JPEG,.JBIG2,.JB2
Try typing  <return>  to proceed.
If that doesn't work, type  X <return>  to quit.

[1

{C:/ProgramData/MiKTeX/2.9/pdftex/config/pdftex.map} <C:/Users/kriley/Desktop/z
Arena/Teleport.png> <C:/Users/kriley/Desktop/zArena/swoop2.png> <C:/Users/krile
y/Desktop/zArena/hawk.png> <C:/Users/kriley/Desktop/zArena/strike2.png> <C:/Use
rs/kriley/Desktop/zArena/swipe.png> <C:/Users/kriley/Desktop/zArena/P4.png> <C:
/Users/kriley/Desktop/zArena/P3.png> <C:/Users/kriley/Desktop/zArena/P2.png> <C
:/Users/kriley/Desktop/zArena/P1.png> <C:/Users/kriley/Desktop/zArena/flail.png
>] [2 <C:/Users/kriley/Desktop/zArena/sonic.png> <C:/Users/kriley/Desktop/zAren
a/jellyfish.png> <C:/Users/kriley/Desktop/zArena/shrug.png> <C:/Users/kriley/De
sktop/zArena/rpg2.png> <C:/Users/kriley/Desktop/zArena/rpg.png> <C:/Users/krile
y/Desktop/zArena/right2.png> <C:/Users/kriley/Desktop/zArena/railgun2.png> <C:/
Users/kriley/Desktop/zArena/railgun.png>] [3 <C:/Users/kriley/Desktop/zArena/sn
akeStrike.png> <C:/Users/kriley/Desktop/zArena/wolf.png> <C:/Users/kriley/Deskt
op/zArena/umbrella.png> <C:/Users/kriley/Desktop/zArena/hypnosis.png> <C:/Users
/kriley/Desktop/zArena/left2.png>] [4 <C:/Users/kriley/Desktop/zArena/jetpack.p
ng> <C:/Users/kriley/Desktop/zArena/immolate2.png> <C:/Users/kriley/Desktop/zAr
ena/rage.png> <C:/Users/kriley/Desktop/zArena/grenade2.png> <C:/Users/kriley/De
sktop/zArena/waspNest.png> <C:/Users/kriley/Desktop/zArena/forward.png>]
[5 <C:/Users/kriley/Desktop/zArena/forcefield2.png> <C:/Users/kriley/Desktop/zA
rena/fireRing.png> <C:/Users/kriley/Desktop/zArena/duck.png>] [6 <C:/Users/kril
ey/Desktop/zArena/rhino.png> <C:/Users/kriley/Desktop/zArena/boomerang2.png> <C
:/Users/kriley/Desktop/zArena/boomerang.png> <C:/Users/kriley/Desktop/zArena/ba
ck.png> <C:/Users/kriley/Desktop/zArena/panda.png>]
(C:\Users\kriley\Desktop\zArena\bareCards.aux) ) 
Here is how much of TeX's memory you used:
 14919 strings out of 493921
 290286 string characters out of 3144874
 10513547 words of memory out of 13000000
 17801 multiletter control sequences out of 15000+200000
 14308 words of font info for 27 fonts, out of 3000000 for 9000
 841 hyphenation exceptions out of 8191
 57i,14n,78p,433b,808s stack positions out of 5000i,500n,10000p,200000b,50000s
{C:/Program Files (x86)/MiKTeX 
2.9/fonts/enc/dvips/dejavu/dejavumono_t1-type1.enc}{C:/Program Files (x86)/MiKT
eX 2.9/fonts/enc/dvips/antt/antt-ec.enc}<C:/Program Files (x86)/MiKTeX 2.9/font
s/type1/public/dejavu/DejaVuSansMono-Bold.pfb><C:/Program Files (x86)/MiKTeX 2.
9/fonts/type1/public/dejavu/DejaVuSansMono.pfb><C:/Program Files (x86)/MiKTeX 2
.9/fonts/type1/public/antt/anttr.pfb>
Output written on bareCards.pdf (6 pages, 367469 bytes).
PDF statistics:
 137 PDF objects out of 1000 (max. 8388607)
 0 named destinations out of 1000 (max. 500000)
 5414 words of extra memory for PDF output out of 10000 (max. 10000000)

